# JRE version: OpenJDK Runtime Environment (8.0_242) (build 1.8.0_242-release-1644-b3-6915495)
# Java VM: OpenJDK 64-Bit Server VM (25.242-b3-6915495 mixed mode bsd-amd64 compressed oops)
Heap:
 PSYoungGen      total 148992K, used 132601K [0x00000007e5d80000, 0x00000007f0580000, 0x00000007f0800000)
  eden space 126976K, 98% used [0x00000007e5d80000,0x00000007ed74dfe8,0x00000007ed980000)
  from space 22016K, 35% used [0x00000007ef000000,0x00000007ef7b05e0,0x00000007f0580000)
  to   space 22528K, 0% used [0x00000007ed980000,0x00000007ed980000,0x00000007eef80000)
 ParOldGen       total 349696K, used 253987K [0x00000007d0800000, 0x00000007e5d80000, 0x00000007e5d80000)
  object space 349696K, 72% used [0x00000007d0800000,0x00000007e0008c50,0x00000007e5d80000)
 Metaspace       used 126905K, capacity 136522K, committed 137384K, reserved 1169408K
  class space    used 15692K, capacity 17605K, committed 17832K, reserved 1048576K
GC Heap History (10 events):
Event: 3462.274 GC heap before
{Heap before GC invocations=244 (full 10):
 PSYoungGen      total 147456K, used 128736K [0x00000007e5d80000, 0x00000007f0600000, 0x00000007f0800000)
  eden space 121856K, 100% used [0x00000007e5d80000,0x00000007ed480000,0x00000007ed480000)
  from space 25600K, 26% used [0x00000007ed480000,0x00000007edb38018,0x00000007eed80000)
  to   space 24576K, 0% used [0x00000007eee00000,0x00000007eee00000,0x00000007f0600000)
 ParOldGen       total 349696K, used 223472K [0x00000007d0800000, 0x00000007e5d80000, 0x00000007e5d80000)
  object space 349696K, 63% used [0x00000007d0800000,0x00000007de23c140,0x00000007e5d80000)
 Metaspace       used 126782K, capacity 136256K, committed 137384K, reserved 1169408K
  class space    used 15673K, capacity 17576K, committed 17832K, reserved 1048576K
Event: 3462.308 GC heap after
Heap after GC invocations=244 (full 10):
 PSYoungGen      total 148480K, used 12960K [0x00000007e5d80000, 0x00000007f0600000, 0x00000007f0800000)
  eden space 123904K, 0% used [0x00000007e5d80000,0x00000007e5d80000,0x00000007ed680000)
  from space 24576K, 52% used [0x00000007eee00000,0x00000007efaa8008,0x00000007f0600000)
  to   space 24064K, 0% used [0x00000007ed680000,0x00000007ed680000,0x00000007eee00000)
 ParOldGen       total 349696K, used 228164K [0x00000007d0800000, 0x00000007e5d80000, 0x00000007e5d80000)
  object space 349696K, 65% used [0x00000007d0800000,0x00000007de6d13b0,0x00000007e5d80000)
 Metaspace       used 126782K, capacity 136256K, committed 137384K, reserved 1169408K
  class space    used 15673K, capacity 17576K, committed 17832K, reserved 1048576K
}
Event: 3462.651 GC heap before
{Heap before GC invocations=245 (full 10):
 PSYoungGen      total 148480K, used 136864K [0x00000007e5d80000, 0x00000007f0600000, 0x00000007f0800000)
  eden space 123904K, 100% used [0x00000007e5d80000,0x00000007ed680000,0x00000007ed680000)
  from space 24576K, 52% used [0x00000007eee00000,0x00000007efaa8008,0x00000007f0600000)
  to   space 24064K, 0% used [0x00000007ed680000,0x00000007ed680000,0x00000007eee00000)
 ParOldGen       total 349696K, used 228164K [0x00000007d0800000, 0x00000007e5d80000, 0x00000007e5d80000)
  object space 349696K, 65% used [0x00000007d0800000,0x00000007de6d13b0,0x00000007e5d80000)
 Metaspace       used 126782K, capacity 136256K, committed 137384K, reserved 1169408K
  class space    used 15673K, capacity 17576K, committed 17832K, reserved 1048576K
Event: 3462.695 GC heap after
Heap after GC invocations=245 (full 10):
 PSYoungGen      total 147968K, used 14795K [0x00000007e5d80000, 0x00000007f0800000, 0x00000007f0800000)
  eden space 123904K, 0% used [0x00000007e5d80000,0x00000007e5d80000,0x00000007ed680000)
  from space 24064K, 61% used [0x00000007ed680000,0x00000007ee4f2f38,0x00000007eee00000)
  to   space 24576K, 0% used [0x00000007ef000000,0x00000007ef000000,0x00000007f0800000)
 ParOldGen       total 349696K, used 238375K [0x00000007d0800000, 0x00000007e5d80000, 0x00000007e5d80000)
  object space 349696K, 68% used [0x00000007d0800000,0x00000007df0c9ee0,0x00000007e5d80000)
 Metaspace       used 126782K, capacity 136256K, committed 137384K, reserved 1169408K
  class space    used 15673K, capacity 17576K, committed 17832K, reserved 1048576K
}
Event: 3463.025 GC heap before
{Heap before GC invocations=246 (full 10):
 PSYoungGen      total 147968K, used 138699K [0x00000007e5d80000, 0x00000007f0800000, 0x00000007f0800000)
  eden space 123904K, 100% used [0x00000007e5d80000,0x00000007ed680000,0x00000007ed680000)
  from space 24064K, 61% used [0x00000007ed680000,0x00000007ee4f2f38,0x00000007eee00000)
  to   space 24576K, 0% used [0x00000007ef000000,0x00000007ef000000,0x00000007f0800000)
 ParOldGen       total 349696K, used 238375K [0x00000007d0800000, 0x00000007e5d80000, 0x00000007e5d80000)
  object space 349696K, 68% used [0x00000007d0800000,0x00000007df0c9ee0,0x00000007e5d80000)
 Metaspace       used 126786K, capacity 136256K, committed 137384K, reserved 1169408K
  class space    used 15673K, capacity 17576K, committed 17832K, reserved 1048576K
Event: 3463.060 GC heap after
Heap after GC invocations=246 (full 10):
 PSYoungGen      total 150016K, used 6816K [0x00000007e5d80000, 0x00000007f0780000, 0x00000007f0800000)
  eden space 125952K, 0% used [0x00000007e5d80000,0x00000007e5d80000,0x00000007ed880000)
  from space 24064K, 28% used [0x00000007ef000000,0x00000007ef6a8300,0x00000007f0780000)
  to   space 24064K, 0% used [0x00000007ed880000,0x00000007ed880000,0x00000007ef000000)
 ParOldGen       total 349696K, used 243450K [0x00000007d0800000, 0x00000007e5d80000, 0x00000007e5d80000)
  object space 349696K, 69% used [0x00000007d0800000,0x00000007df5bebb0,0x00000007e5d80000)
 Metaspace       used 126786K, capacity 136256K, committed 137384K, reserved 1169408K
  class space    used 15673K, capacity 17576K, committed 17832K, reserved 1048576K
}
Event: 3463.595 GC heap before
{Heap before GC invocations=247 (full 10):
 PSYoungGen      total 150016K, used 132768K [0x00000007e5d80000, 0x00000007f0780000, 0x00000007f0800000)
  eden space 125952K, 100% used [0x00000007e5d80000,0x00000007ed880000,0x00000007ed880000)
  from space 24064K, 28% used [0x00000007ef000000,0x00000007ef6a8300,0x00000007f0780000)
  to   space 24064K, 0% used [0x00000007ed880000,0x00000007ed880000,0x00000007ef000000)
 ParOldGen       total 349696K, used 243450K [0x00000007d0800000, 0x00000007e5d80000, 0x00000007e5d80000)
  object space 349696K, 69% used [0x00000007d0800000,0x00000007df5bebb0,0x00000007e5d80000)
 Metaspace       used 126806K, capacity 136338K, committed 137384K, reserved 1169408K
  class space    used 15675K, capacity 17579K, committed 17832K, reserved 1048576K
Event: 3463.612 GC heap after
Heap after GC invocations=247 (full 10):
 PSYoungGen      total 150016K, used 6227K [0x00000007e5d80000, 0x00000007f0700000, 0x00000007f0800000)
  eden space 125952K, 0% used [0x00000007e5d80000,0x00000007e5d80000,0x00000007ed880000)
  from space 24064K, 25% used [0x00000007ed880000,0x00000007ede94e50,0x00000007ef000000)
  to   space 23552K, 0% used [0x00000007ef000000,0x00000007ef000000,0x00000007f0700000)
 ParOldGen       total 349696K, used 248753K [0x00000007d0800000, 0x00000007e5d80000, 0x00000007e5d80000)
  object space 349696K, 71% used [0x00000007d0800000,0x00000007dfaec508,0x00000007e5d80000)
 Metaspace       used 126806K, capacity 136338K, committed 137384K, reserved 1169408K
  class space    used 15675K, capacity 17579K, committed 17832K, reserved 1048576K
}
Event: 3464.130 GC heap before
{Heap before GC invocations=248 (full 10):
 PSYoungGen      total 150016K, used 132179K [0x00000007e5d80000, 0x00000007f0700000, 0x00000007f0800000)
  eden space 125952K, 100% used [0x00000007e5d80000,0x00000007ed880000,0x00000007ed880000)
  from space 24064K, 25% used [0x00000007ed880000,0x00000007ede94e50,0x00000007ef000000)
  to   space 23552K, 0% used [0x00000007ef000000,0x00000007ef000000,0x00000007f0700000)
 ParOldGen       total 349696K, used 248753K [0x00000007d0800000, 0x00000007e5d80000, 0x00000007e5d80000)
  object space 349696K, 71% used [0x00000007d0800000,0x00000007dfaec508,0x00000007e5d80000)
 Metaspace       used 126806K, capacity 136338K, committed 137384K, reserved 1169408K
  class space    used 15675K, capacity 17579K, committed 17832K, reserved 1048576K
Event: 3464.156 GC heap after
Heap after GC invocations=248 (full 10):
 PSYoungGen      total 148992K, used 7873K [0x00000007e5d80000, 0x00000007f0580000, 0x00000007f0800000)
  eden space 126976K, 0% used [0x00000007e5d80000,0x00000007e5d80000,0x00000007ed980000)
  from space 22016K, 35% used [0x00000007ef000000,0x00000007ef7b05e0,0x00000007f0580000)
  to   space 22528K, 0% used [0x00000007ed980000,0x00000007ed980000,0x00000007eef80000)
 ParOldGen       total 349696K, used 253987K [0x00000007d0800000, 0x00000007e5d80000, 0x00000007e5d80000)
  object space 349696K, 72% used [0x00000007d0800000,0x00000007e0008c50,0x00000007e5d80000)
 Metaspace       used 126806K, capacity 136338K, committed 137384K, reserved 1169408K
  class space    used 15675K, capacity 17579K, committed 17832K, reserved 1048576K
}

